<?xml version="1.0" encoding="UTF-8"?>
<testsuite name="TwoferTest" tests="3" skipped="0" failures="0" errors="0" timestamp="2026-05-21T08:10:57.275Z" hostname="LAPTOP" time="0.085">
  <properties/>
  <testcase name="no name given" classname="TwoferTest" time="0.059"/>
  <testcase name="a name given" classname="TwoferTest" time="0.002"/>
  <testcase name="another name given" classname="TwoferTest" time="0.002"/>
  <system-out><![CDATA[]]></system-out>
  <system-err><![CDATA[]]></system-err>
</testsuite>
