<?xml version="1.0" encoding="UTF-8"?>
<testsuite name="DnDCharacterTest" tests="28" skipped="0" failures="0" errors="0" timestamp="2026-05-28T10:28:07.430Z" hostname="LAPTOP" time="0.213">
  <properties/>
  <testcase name="Ability uses 3 largest numbers from scores in descending order" classname="DnDCharacterTest" time="0.058"/>
  <testcase name="ability modifier for score 3 is -4" classname="DnDCharacterTest" time="0.002"/>
  <testcase name="Ability uses 3 largest numbers from scores in random order" classname="DnDCharacterTest" time="0.002"/>
  <testcase name="ability modifier for score 4 is -3" classname="DnDCharacterTest" time="0.001"/>
  <testcase name="ability modifier for score 5 is -3" classname="DnDCharacterTest" time="0.003"/>
  <testcase name="ability modifier for score 10 is 0" classname="DnDCharacterTest" time="0.002"/>
  <testcase name="ability modifier for score 11 is 0" classname="DnDCharacterTest" time="0.001"/>
  <testcase name="ability modifier for score 12 is +1" classname="DnDCharacterTest" time="0.002"/>
  <testcase name="ability modifier for score 13 is +1" classname="DnDCharacterTest" time="0.002"/>
  <testcase name="ability modifier for score 14 is +2" classname="DnDCharacterTest" time="0.002"/>
  <testcase name="ability modifier for score 15 is +2" classname="DnDCharacterTest" time="0.001"/>
  <testcase name="ability modifier for score 16 is +3" classname="DnDCharacterTest" time="0.002"/>
  <testcase name="ability modifier for score 17 is +3" classname="DnDCharacterTest" time="0.001"/>
  <testcase name="ability modifier for score 18 is +4" classname="DnDCharacterTest" time="0.001"/>
  <testcase name="each ability is only calculated once" classname="DnDCharacterTest" time="0.001"/>
  <testcase name="ability modifier for score 6 is -2" classname="DnDCharacterTest" time="0.002"/>
  <testcase name="ability modifier for score 7 is -2" classname="DnDCharacterTest" time="0.002"/>
  <testcase name="ability modifier for score 8 is -1" classname="DnDCharacterTest" time="0.001"/>
  <testcase name="ability modifier for score 9 is -1" classname="DnDCharacterTest" time="0.001"/>
  <testcase name="Ability calculation with two lowest numbers" classname="DnDCharacterTest" time="0.001"/>
  <testcase name="Ability uses 3 largest numbers from scores in ascending order" classname="DnDCharacterTest" time="0.002"/>
  <testcase name="Each randomly created character should be unique in attributes" classname="DnDCharacterTest" time="0.011"/>
  <testcase name="Ability calculation does not mutate input scores" classname="DnDCharacterTest" time="0.023"/>
  <testcase name="Ability with all lowest equal numbers yields 3" classname="DnDCharacterTest" time="0.001"/>
  <testcase name="random character is valid" classname="DnDCharacterTest" time="0.014"/>
  <testcase name="Ability with all highest equal numbers yields 18" classname="DnDCharacterTest" time="0.001"/>
  <testcase name="Dice values are between 1 and 6 inclusive" classname="DnDCharacterTest" time="0.006"/>
  <testcase name="Rolling uses 4 dice" classname="DnDCharacterTest" time="0.002"/>
  <system-out><![CDATA[]]></system-out>
  <system-err><![CDATA[]]></system-err>
</testsuite>
