<?xml version="1.0" encoding="UTF-8"?>
<testsuite name="ReverseStringTest" tests="6" skipped="0" failures="0" errors="0" timestamp="2026-05-12T13:30:44.205Z" hostname="LAPTOP" time="0.093">
  <properties/>
  <testcase name="a word" classname="ReverseStringTest" time="0.056"/>
  <testcase name="an empty string" classname="ReverseStringTest" time="0.002"/>
  <testcase name="a capitalized word" classname="ReverseStringTest" time="0.003"/>
  <testcase name="a sentence with punctuation" classname="ReverseStringTest" time="0.002"/>
  <testcase name="a palindrome" classname="ReverseStringTest" time="0.002"/>
  <testcase name="an even-sized word" classname="ReverseStringTest" time="0.001"/>
  <system-out><![CDATA[]]></system-out>
  <system-err><![CDATA[]]></system-err>
</testsuite>
